<?xml version="1.0" encoding="UTF-8"?>
<testng-results ignored="0" total="1" passed="1" failed="0" skipped="0">
  <reporter-output>
  </reporter-output>
  <suite started-at="2024-11-26T00:56:26 IST" name=" Api Automate Test Suite 2" finished-at="2024-11-26T00:57:36 IST" duration-ms="70403">
    <groups>
    </groups>
    <test started-at="2024-11-26T00:56:26 IST" name="apkTest" finished-at="2024-11-26T00:57:36 IST" duration-ms="70403">
      <class name="mobile.testCases.LoginTest">
        <test-method is-config="true" signature="setUp()[pri:0, instance:mobile.testCases.LoginTest@73e22a3d]" started-at="2024-11-26T00:56:26 IST" name="setUp" finished-at="2024-11-26T00:57:30 IST" duration-ms="63903" status="PASS">
          <reporter-output>
          </reporter-output>
        </test-method> <!-- setUp -->
        <test-method signature="testLoginPageByEmail()[pri:0, instance:mobile.testCases.LoginTest@73e22a3d]" started-at="2024-11-26T00:57:30 IST" name="testLoginPageByEmail" finished-at="2024-11-26T00:57:36 IST" duration-ms="5584" status="PASS">
          <reporter-output>
          </reporter-output>
        </test-method> <!-- testLoginPageByEmail -->
        <test-method is-config="true" signature="tearDown()[pri:0, instance:mobile.testCases.LoginTest@73e22a3d]" started-at="2024-11-26T00:57:36 IST" name="tearDown" finished-at="2024-11-26T00:57:36 IST" duration-ms="483" status="PASS">
          <reporter-output>
          </reporter-output>
        </test-method> <!-- tearDown -->
      </class> <!-- mobile.testCases.LoginTest -->
    </test> <!-- apkTest -->
  </suite> <!--  Api Automate Test Suite 2 -->
</testng-results>
